DEBUG:root:Server.main()
DEBUG:root:Handlers initiated
DEBUG:root:Acceptor()
DEBUG:root:ACCEPTOR inited
DEBUG:root:Replica(): leaders = [(0, 'leader'), (1, 'leader'), (2, 'leader'), (3, 'leader')]
DEBUG:root:Leader()
DEBUG:root:server: incoming = {'replica': <Queue.Queue instance at 0x10c8e46c8>, 'leader': <Queue.Queue instance at 0x10c8e4ab8>, 'acceptor': <Queue.Queue instance at 0x10c8e43f8>}
DEBUG:root:ACCEPTOR running
DEBUG:root:Replica.run()
DEBUG:root:Leader.run()
DEBUG:root:Leader about to spawn scout
DEBUG:root:main() ends IDENTITY pid: 1, port: 10001 
DEBUG:root:Scout(): acceptors = [(0, 'acceptor'), (1, 'acceptor'), (2, 'acceptor'), (3, 'acceptor')]
DEBUG:root:Scout.run()
DEBUG:root:Leader in infinite loop
DEBUG:root:SCOUT sending to acceptor
DEBUG:root:Communicator.send()
DEBUG:root:SCOUT sending to acceptor
DEBUG:root:ListenThread.run: received: 1:scout:1:acceptor:p1a:0
DEBUG:root:ACCEPTOR: receive: p1a:0, SENDER: (1, 'scout')
DEBUG:root:SOCKET: ERROR '1:scout:2:acceptor:p1a:0'
DEBUG:root:Communicator.send()
DEBUG:root:SCOUT sending to acceptor
DEBUG:root:SOCKET: ERROR '1:scout:3:acceptor:p1a:0'
DEBUG:root:Communicator.send()
DEBUG:root:SCOUT in infinite loop
DEBUG:root:ListenThread.run: received: 2:scout:1:acceptor:p1a:0
DEBUG:root:ACCEPTOR: receive: p1a:0, SENDER: (2, 'scout')
DEBUG:root:ListenThread.run: received: 3:scout:1:acceptor:p1a:0
DEBUG:root:ACCEPTOR: receive: p1a:0, SENDER: (3, 'scout')
