DEBUG:root:Acceptor()
DEBUG:root:Replica(): leaders = [(0, 'leader'), (1, 'leader'), (2, 'leader'), (3, 'leader')]
DEBUG:root:Leader()
DEBUG:root:ACCEPTOR running
DEBUG:root:Leader.run()
DEBUG:root:Communicator.build(2,leader)
DEBUG:root:main() ends IDENTITY pid: 2, port: 9006 
DEBUG:root:Scout(): acceptors = [(0, 'acceptor'), (1, 'acceptor'), (2, 'acceptor'), (3, 'acceptor')]
DEBUG:root:Replica.run()
DEBUG:root:Scout.run()
DEBUG:root:SCOUT sending to acceptor
DEBUG:root:Communicator.send: p1a:0
DEBUG:root:SCOUT sending to acceptor
DEBUG:root:Communicator.send: p1a:0
DEBUG:root:SCOUT sending to acceptor
DEBUG:root:Communicator.send: p1a:0
DEBUG:root:ListenThread.run: received: 0:acceptor:2:scout:p1b:0:[]
DEBUG:root:ListenThread.run: received: 1:acceptor:2:scout:p1b:0:[]
DEBUG:root:ListenThread.run: received: 1:scout:2:acceptor:p1a:0
DEBUG:root:Communicator.receive: 1:scout:2:acceptor:p1a:0
DEBUG:root:ACCEPTOR: receive: p1a:0, SENDER: (1, 'scout')
DEBUG:root:ACCEPTOR sending msg to scout
DEBUG:root:Communicator.send: p1b:0:[]
DEBUG:root:ListenThread.run: received: 0:scout:2:acceptor:p1a:0
DEBUG:root:Communicator.receive: 0:scout:2:acceptor:p1a:0
DEBUG:root:ACCEPTOR: receive: p1a:0, SENDER: (0, 'scout')
DEBUG:root:ACCEPTOR sending msg to scout
DEBUG:root:Communicator.send: p1b:0:[]
DEBUG:root:SCOUT sending to acceptor
DEBUG:root:ListenThread.run: received: 2:scout:2:acceptor:p1a:0
DEBUG:root:Communicator.send: p1a:0
DEBUG:root:Communicator.receive: 2:scout:2:acceptor:p1a:0
DEBUG:root:ACCEPTOR: receive: p1a:0, SENDER: (2, 'scout')
DEBUG:root:ACCEPTOR sending msg to scout
DEBUG:root:Communicator.send: p1b:0:[]
DEBUG:root:SOCKET: ERROR 2:scout:3:acceptor:p1a:0
DEBUG:root:Communicator.receive: 0:acceptor:2:scout:p1b:0:[]
DEBUG:root:Scout.receive: ((0, 'acceptor'),p1b:0:[])
DEBUG:root:ListenThread.run: received: 2:acceptor:2:scout:p1b:0:[]
DEBUG:root:Communicator.receive: 1:acceptor:2:scout:p1b:0:[]
DEBUG:root:Scout.receive: ((1, 'acceptor'),p1b:0:[])
DEBUG:root:Communicator.receive: 2:acceptor:2:scout:p1b:0:[]
DEBUG:root:Scout.receive: ((2, 'acceptor'),p1b:0:[])
DEBUG:root:Communicator.send: adopted:0:[]
DEBUG:root:ListenThread.run: received: 2:scout:2:leader:adopted:0:[]
DEBUG:root:Scout: dying
DEBUG:root:Communicator.receive: 2:scout:2:leader:adopted:0:[]
DEBUG:root:Leader.receive: ((2, 'scout'),adopted:0:[])
DEBUG:root:--------------------ADOPTED-----------------
DEBUG:root:PROPOSALS: []
DEBUG:root:PMAX: []
DEBUG:root:After xor: []
DEBUG:root:ListenThread.run: received: 0:replica:2:leader:propose:(1, 0)
DEBUG:root:Communicator.receive: 0:replica:2:leader:propose:(1, 0)
DEBUG:root:Leader.receive: ((0, 'replica'),propose:(1, 0))
DEBUG:root:Leader: Inside propose
DEBUG:root:Leader spawning COM: (0, 1, 0)
DEBUG:root:Commander()
DEBUG:root:Commander.run()
DEBUG:root:Communicator.send: p2a:(0, 1, 0)
DEBUG:root:ListenThread.run: received: 0:0:2:acceptor:p2a:(0, 1, 0)
DEBUG:root:ListenThread.run: received: 1:0:2:acceptor:p2a:(0, 1, 0)
DEBUG:root:Communicator.receive: 0:0:2:acceptor:p2a:(0, 1, 0)
DEBUG:root:Communicator.send: p2a:(0, 1, 0)
DEBUG:root:ACCEPTOR: receive: p2a:(0, 1, 0), SENDER: (0, '0')
DEBUG:root:Acceptor.run(): (b, s, p) = (0,1,0)
DEBUG:root:Communicator.send: p2b:0
DEBUG:root:Communicator.receive: 1:0:2:acceptor:p2a:(0, 1, 0)
DEBUG:root:ACCEPTOR: receive: p2a:(0, 1, 0), SENDER: (1, '0')
DEBUG:root:Acceptor.run(): (b, s, p) = (0,1,0)
DEBUG:root:Communicator.send: p2b:0
DEBUG:root:ListenThread.run: received: 0:acceptor:2:0:p2b:0
DEBUG:root:ListenThread.run: received: 0:0:2:replica:decision:(1, 0)
DEBUG:root:Communicator.receive: 0:0:2:replica:decision:(1, 0)
DEBUG:root:Replica.receive: ((0, '0'),decision:(1, 0))
DEBUG:root:Communicator.send: ack 0 1
DEBUG:root:ListenThread.run: received: 1:0:2:replica:decision:(1, 0)
DEBUG:root:Communicator.receive: 1:0:2:replica:decision:(1, 0)
DEBUG:root:Replica.receive: ((1, '0'),decision:(1, 0))
DEBUG:root:ListenThread.run: received: 3:scout:2:acceptor:p1a:0
DEBUG:root:Communicator.receive: 3:scout:2:acceptor:p1a:0
DEBUG:root:ACCEPTOR: receive: p1a:0, SENDER: (3, 'scout')
DEBUG:root:ACCEPTOR sending msg to scout
DEBUG:root:Communicator.send: p1b:0:[(0, 1, 0)]
DEBUG:root:Communicator.send: p2a:(0, 1, 0)
DEBUG:root:Communicator.send: p2a:(0, 1, 0)
DEBUG:root:ListenThread.run: received: 2:0:2:acceptor:p2a:(0, 1, 0)
DEBUG:root:Communicator.receive: 0:acceptor:2:0:p2b:0
DEBUG:root:Commander.receive: p2b:0, sender: (0, 'acceptor')
DEBUG:root:COMMANDER p2b: [(1, 'acceptor'), (2, 'acceptor'), (3, 'acceptor')]
DEBUG:root:ListenThread.run: received: 1:acceptor:2:0:p2b:0
DEBUG:root:Communicator.receive: 1:acceptor:2:0:p2b:0
DEBUG:root:Commander.receive: p2b:0, sender: (1, 'acceptor')
DEBUG:root:COMMANDER p2b: [(2, 'acceptor'), (3, 'acceptor')]
DEBUG:root:ListenThread.run: received: 3:acceptor:2:0:p2b:0
DEBUG:root:Communicator.receive: 3:acceptor:2:0:p2b:0
DEBUG:root:Commander.receive: p2b:0, sender: (3, 'acceptor')
DEBUG:root:COMMANDER p2b: [(2, 'acceptor')]
DEBUG:root:----------------DECISION----------------
DEBUG:root:Communicator.send: decision:(1, 0)
DEBUG:root:Communicator.send: decision:(1, 0)
DEBUG:root:Communicator.send: decision:(1, 0)
DEBUG:root:Communicator.send: decision:(1, 0)
DEBUG:root:ListenThread.run: received: 2:0:2:replica:decision:(1, 0)
DEBUG:root:Communicator.receive: 2:0:2:replica:decision:(1, 0)
DEBUG:root:Replica.receive: ((2, '0'),decision:(1, 0))
DEBUG:root:Communicator.receive: 2:0:2:acceptor:p2a:(0, 1, 0)
DEBUG:root:ACCEPTOR: receive: p2a:(0, 1, 0), SENDER: (2, '0')
DEBUG:root:Acceptor.run(): (b, s, p) = (0,1,0)
DEBUG:root:Communicator.send: p2b:0
DEBUG:root:ListenThread.run: received: 2:acceptor:2:0:p2b:0
DEBUG:root:ListenThread.run: received: 3:0:2:acceptor:p2a:(0, 1, 0)
DEBUG:root:Communicator.receive: 3:0:2:acceptor:p2a:(0, 1, 0)
DEBUG:root:ACCEPTOR: receive: p2a:(0, 1, 0), SENDER: (3, '0')
DEBUG:root:Acceptor.run(): (b, s, p) = (0,1,0)
DEBUG:root:Communicator.send: p2b:0
DEBUG:root:ListenThread.run: received: 3:0:2:replica:decision:(1, 0)
DEBUG:root:Communicator.receive: 3:0:2:replica:decision:(1, 0)
DEBUG:root:Replica.receive: ((3, '0'),decision:(1, 0))
DEBUG:root:Communicator.receive: -1:master:2:replica:msg 2 Bob
DEBUG:root:Replica.receive: ((-1, 'master'),msg 2 Bob)
DEBUG:root:Replica.receive: received from master
DEBUG:root:Replica.propose: p=2
DEBUG:root:Communicator.send: propose:(2, 2)
DEBUG:root:ListenThread.run: received: 3:replica:2:leader:propose:(2, 3)
DEBUG:root:Communicator.receive: 3:replica:2:leader:propose:(2, 3)
DEBUG:root:Leader.receive: ((3, 'replica'),propose:(2, 3))
DEBUG:root:Leader: Inside propose
DEBUG:root:Leader spawning COM: (0, 2, 3)
DEBUG:root:Commander()
DEBUG:root:Commander.run()
DEBUG:root:Communicator.send: p2a:(0, 2, 3)
DEBUG:root:ListenThread.run: received: 1:replica:2:leader:propose:(2, 1)
DEBUG:root:Communicator.send: p2a:(0, 2, 3)
DEBUG:root:Communicator.receive: 1:replica:2:leader:propose:(2, 1)
DEBUG:root:Leader.receive: ((1, 'replica'),propose:(2, 1))
DEBUG:root:Leader: Inside propose
DEBUG:root:Communicator.send: p2a:(0, 2, 3)
DEBUG:root:Communicator.send: p2a:(0, 2, 3)
DEBUG:root:ListenThread.run: received: 0:1:2:acceptor:p2a:(0, 2, 1)
DEBUG:root:Communicator.receive: 0:1:2:acceptor:p2a:(0, 2, 1)
DEBUG:root:ACCEPTOR: receive: p2a:(0, 2, 1), SENDER: (0, '1')
DEBUG:root:ListenThread.run: received: 2:1:2:acceptor:p2a:(0, 2, 3)
DEBUG:root:Acceptor.run(): (b, s, p) = (0,2,1)
DEBUG:root:Communicator.send: p2b:0
DEBUG:root:Communicator.receive: 2:1:2:acceptor:p2a:(0, 2, 3)
DEBUG:root:ACCEPTOR: receive: p2a:(0, 2, 3), SENDER: (2, '1')
DEBUG:root:Acceptor.run(): (b, s, p) = (0,2,3)
DEBUG:root:Communicator.send: p2b:0
DEBUG:root:ListenThread.run: received: 2:acceptor:2:1:p2b:0
DEBUG:root:ListenThread.run: received: 1:1:2:acceptor:p2a:(0, 2, 3)
DEBUG:root:Communicator.receive: 1:1:2:acceptor:p2a:(0, 2, 3)
DEBUG:root:ACCEPTOR: receive: p2a:(0, 2, 3), SENDER: (1, '1')
DEBUG:root:Acceptor.run(): (b, s, p) = (0,2,3)
DEBUG:root:Communicator.receive: 2:acceptor:2:1:p2b:0
DEBUG:root:Communicator.send: p2b:0
DEBUG:root:Commander.receive: p2b:0, sender: (2, 'acceptor')
DEBUG:root:COMMANDER p2b: [(0, 'acceptor'), (1, 'acceptor'), (3, 'acceptor')]
DEBUG:root:ListenThread.run: received: 0:acceptor:2:1:p2b:0
DEBUG:root:Communicator.receive: 0:acceptor:2:1:p2b:0
DEBUG:root:Commander.receive: p2b:0, sender: (0, 'acceptor')
DEBUG:root:COMMANDER p2b: [(1, 'acceptor'), (3, 'acceptor')]
DEBUG:root:ListenThread.run: received: 0:1:2:replica:decision:(2, 1)
DEBUG:root:Communicator.send: propose:(2, 2)
DEBUG:root:Communicator.send: propose:(2, 2)
DEBUG:root:Communicator.send: propose:(2, 2)
DEBUG:root:ListenThread.run: received: 2:replica:2:leader:propose:(2, 2)
DEBUG:root:Communicator.receive: 2:replica:2:leader:propose:(2, 2)
DEBUG:root:Leader.receive: ((2, 'replica'),propose:(2, 2))
DEBUG:root:Leader: Inside propose
DEBUG:root:Replica.receive: propose() done
DEBUG:root:Communicator.receive: 0:1:2:replica:decision:(2, 1)
DEBUG:root:Replica.receive: ((0, '1'),decision:(2, 1))
DEBUG:root:Replica.propose: p=2
DEBUG:root:Communicator.send: propose:(3, 2)
DEBUG:root:Communicator.send: propose:(3, 2)
DEBUG:root:Communicator.send: propose:(3, 2)
DEBUG:root:Communicator.send: propose:(3, 2)
DEBUG:root:ListenThread.run: received: 2:replica:2:leader:propose:(3, 2)
DEBUG:root:Communicator.receive: 2:replica:2:leader:propose:(3, 2)
DEBUG:root:Leader.receive: ((2, 'replica'),propose:(3, 2))
DEBUG:root:Leader: Inside propose
DEBUG:root:Leader spawning COM: (0, 3, 2)
DEBUG:root:Commander()
DEBUG:root:ListenThread.run: received: 1:2:2:acceptor:p2a:(0, 3, 3)
DEBUG:root:Commander.run()
DEBUG:root:Communicator.send: p2a:(0, 3, 2)
DEBUG:root:Communicator.receive: 1:2:2:acceptor:p2a:(0, 3, 3)
DEBUG:root:Communicator.send: p2a:(0, 3, 2)
DEBUG:root:ACCEPTOR: receive: p2a:(0, 3, 3), SENDER: (1, '2')
DEBUG:root:Communicator.send: p2a:(0, 3, 2)
DEBUG:root:Acceptor.run(): (b, s, p) = (0,3,3)
DEBUG:root:Communicator.send: p2b:0
DEBUG:root:Communicator.send: p2a:(0, 3, 2)
DEBUG:root:ListenThread.run: received: 2:2:2:acceptor:p2a:(0, 3, 2)
DEBUG:root:Communicator.receive: 2:2:2:acceptor:p2a:(0, 3, 2)
DEBUG:root:ACCEPTOR: receive: p2a:(0, 3, 2), SENDER: (2, '2')
DEBUG:root:Acceptor.run(): (b, s, p) = (0,3,2)
DEBUG:root:Communicator.send: p2b:0
DEBUG:root:ListenThread.run: received: 3:1:2:acceptor:p2a:(0, 2, 3)
DEBUG:root:ListenThread.run: received: 0:2:2:acceptor:p2a:(0, 3, 3)
DEBUG:root:ListenThread.run: received: 1:acceptor:2:1:p2b:0
DEBUG:root:Communicator.receive: 1:acceptor:2:1:p2b:0
DEBUG:root:Commander.receive: p2b:0, sender: (1, 'acceptor')
DEBUG:root:COMMANDER p2b: [(3, 'acceptor')]
DEBUG:root:----------------DECISION----------------
DEBUG:root:Communicator.send: decision:(2, 3)
DEBUG:root:Communicator.send: decision:(2, 3)
DEBUG:root:Communicator.send: decision:(2, 3)
DEBUG:root:Communicator.send: decision:(2, 3)
DEBUG:root:ListenThread.run: received: 2:1:2:replica:decision:(2, 3)
DEBUG:root:Communicator.receive: 2:1:2:replica:decision:(2, 3)
DEBUG:root:Replica.receive: ((2, '1'),decision:(2, 3))
DEBUG:root:Replica.propose: p=2
DEBUG:root:Communicator.send: propose:(4, 2)
DEBUG:root:ListenThread.run: received: 0:acceptor:2:2:p2b:0
DEBUG:root:Communicator.receive: 0:acceptor:2:2:p2b:0
DEBUG:root:ListenThread.run: received: 1:acceptor:2:2:p2b:0
DEBUG:root:Commander.receive: p2b:0, sender: (0, 'acceptor')
DEBUG:root:COMMANDER p2b: [(1, 'acceptor'), (2, 'acceptor'), (3, 'acceptor')]
DEBUG:root:Communicator.send: propose:(4, 2)
DEBUG:root:Communicator.receive: 1:acceptor:2:2:p2b:0
DEBUG:root:Commander.receive: p2b:0, sender: (1, 'acceptor')
DEBUG:root:COMMANDER p2b: [(2, 'acceptor'), (3, 'acceptor')]
DEBUG:root:Communicator.send: propose:(4, 2)
DEBUG:root:Communicator.send: propose:(4, 2)
DEBUG:root:ListenThread.run: received: 2:replica:2:leader:propose:(4, 2)
DEBUG:root:Communicator.receive: 2:replica:2:leader:propose:(4, 2)
DEBUG:root:Leader.receive: ((2, 'replica'),propose:(4, 2))
DEBUG:root:Replica.propose: p=2
DEBUG:root:Leader: Inside propose
DEBUG:root:Communicator.send: propose:(5, 2)
DEBUG:root:Leader spawning COM: (0, 4, 2)
DEBUG:root:Commander()
DEBUG:root:Commander.run()
DEBUG:root:ListenThread.run: received: 3:2:2:acceptor:p2a:(0, 3, 2)
DEBUG:root:Communicator.send: propose:(5, 2)
DEBUG:root:Communicator.send: p2a:(0, 4, 2)
DEBUG:root:Communicator.receive: 3:1:2:acceptor:p2a:(0, 2, 3)
DEBUG:root:ListenThread.run: received: 2:acceptor:2:2:p2b:0
DEBUG:root:ACCEPTOR: receive: p2a:(0, 2, 3), SENDER: (3, '1')
DEBUG:root:Communicator.receive: 2:acceptor:2:2:p2b:0
DEBUG:root:Acceptor.run(): (b, s, p) = (0,2,3)
DEBUG:root:Communicator.send: p2b:0
DEBUG:root:Commander.receive: p2b:0, sender: (2, 'acceptor')
DEBUG:root:COMMANDER p2b: [(3, 'acceptor')]
DEBUG:root:----------------DECISION----------------
DEBUG:root:Communicator.send: decision:(3, 2)
DEBUG:root:ListenThread.run: received: 3:replica:2:leader:propose:(3, 3)
DEBUG:root:Communicator.receive: 3:replica:2:leader:propose:(3, 3)
DEBUG:root:Leader.receive: ((3, 'replica'),propose:(3, 3))
DEBUG:root:Leader: Inside propose
DEBUG:root:ListenThread.run: received: 3:acceptor:2:1:p2b:0
DEBUG:root:Communicator.send: propose:(5, 2)
DEBUG:root:ListenThread.run: received: 1:1:2:replica:decision:(2, 3)
DEBUG:root:Communicator.receive: 0:2:2:acceptor:p2a:(0, 3, 3)
DEBUG:root:ACCEPTOR: receive: p2a:(0, 3, 3), SENDER: (0, '2')
DEBUG:root:Acceptor.run(): (b, s, p) = (0,3,3)
DEBUG:root:Communicator.send: p2b:0
DEBUG:root:ListenThread.run: received: 1:2:2:replica:decision:(3, 3)
DEBUG:root:Communicator.send: decision:(3, 2)
DEBUG:root:Communicator.send: propose:(5, 2)
DEBUG:root:ListenThread.run: received: 0:3:2:acceptor:p2a:(0, 4, 2)
DEBUG:root:ListenThread.run: received: 2:replica:2:leader:propose:(5, 2)
DEBUG:root:Communicator.receive: 2:replica:2:leader:propose:(5, 2)
DEBUG:root:Leader.receive: ((2, 'replica'),propose:(5, 2))
DEBUG:root:Leader: Inside propose
DEBUG:root:Leader spawning COM: (0, 5, 2)
DEBUG:root:Commander()
DEBUG:root:Commander.run()
DEBUG:root:Communicator.send: p2a:(0, 5, 2)
DEBUG:root:Communicator.receive: 3:2:2:acceptor:p2a:(0, 3, 2)
DEBUG:root:ACCEPTOR: receive: p2a:(0, 3, 2), SENDER: (3, '2')
DEBUG:root:Acceptor.run(): (b, s, p) = (0,3,2)
DEBUG:root:Communicator.send: p2b:0
DEBUG:root:Communicator.send: decision:(3, 2)
DEBUG:root:ListenThread.run: received: 1:3:2:acceptor:p2a:(0, 4, 2)
DEBUG:root:Communicator.send: p2a:(0, 5, 2)
DEBUG:root:Communicator.receive: 1:1:2:replica:decision:(2, 3)
DEBUG:root:Replica.receive: ((1, '1'),decision:(2, 3))
DEBUG:root:Replica.propose: p=2
DEBUG:root:Communicator.send: propose:(6, 2)
DEBUG:root:Communicator.send: p2a:(0, 4, 2)
DEBUG:root:Communicator.receive: 0:3:2:acceptor:p2a:(0, 4, 2)
DEBUG:root:ACCEPTOR: receive: p2a:(0, 4, 2), SENDER: (0, '3')
DEBUG:root:Acceptor.run(): (b, s, p) = (0,4,2)
DEBUG:root:Communicator.send: p2b:0
DEBUG:root:ListenThread.run: received: 3:3:2:acceptor:p2a:(0, 4, 2)
DEBUG:root:Communicator.send: decision:(3, 2)
DEBUG:root:ListenThread.run: received: 2:2:2:replica:decision:(3, 2)
DEBUG:root:ListenThread.run: received: 0:2:2:replica:decision:(3, 3)
DEBUG:root:Communicator.send: p2a:(0, 5, 2)
DEBUG:root:Communicator.send: propose:(6, 2)
DEBUG:root:ListenThread.run: received: 1:4:2:acceptor:p2a:(0, 5, 2)
DEBUG:root:Communicator.send: p2a:(0, 4, 2)
DEBUG:root:Communicator.receive: 1:3:2:acceptor:p2a:(0, 4, 2)
DEBUG:root:ACCEPTOR: receive: p2a:(0, 4, 2), SENDER: (1, '3')
DEBUG:root:Acceptor.run(): (b, s, p) = (0,4,2)
DEBUG:root:Communicator.send: p2b:0
DEBUG:root:ListenThread.run: received: 0:4:2:acceptor:p2a:(0, 5, 2)
DEBUG:root:ListenThread.run: received: 0:acceptor:2:4:p2b:0
DEBUG:root:ListenThread.run: received: 3:acceptor:2:2:p2b:0
DEBUG:root:Communicator.send: p2a:(0, 5, 2)
DEBUG:root:ListenThread.run: received: 1:acceptor:2:4:p2b:0
DEBUG:root:ListenThread.run: received: 2:4:2:acceptor:p2a:(0, 5, 2)
DEBUG:root:Communicator.send: propose:(6, 2)
DEBUG:root:ListenThread.run: received: 3:1:2:replica:decision:(2, 3)
DEBUG:root:Communicator.send: p2a:(0, 4, 2)
DEBUG:root:Communicator.receive: 3:3:2:acceptor:p2a:(0, 4, 2)
DEBUG:root:ACCEPTOR: receive: p2a:(0, 4, 2), SENDER: (3, '3')
DEBUG:root:Acceptor.run(): (b, s, p) = (0,4,2)
DEBUG:root:ListenThread.run: received: 2:3:2:acceptor:p2a:(0, 4, 2)
DEBUG:root:Communicator.send: p2b:0
DEBUG:root:ListenThread.run: received: 3:4:2:acceptor:p2a:(0, 5, 2)
DEBUG:root:Communicator.receive: 0:acceptor:2:4:p2b:0
DEBUG:root:Commander.receive: p2b:0, sender: (0, 'acceptor')
DEBUG:root:COMMANDER p2b: [(1, 'acceptor'), (2, 'acceptor'), (3, 'acceptor')]
DEBUG:root:Communicator.receive: 1:acceptor:2:4:p2b:0
DEBUG:root:Commander.receive: p2b:0, sender: (1, 'acceptor')
DEBUG:root:COMMANDER p2b: [(2, 'acceptor'), (3, 'acceptor')]
DEBUG:root:Communicator.send: propose:(6, 2)
DEBUG:root:ListenThread.run: received: 1:acceptor:2:3:p2b:0
DEBUG:root:ListenThread.run: received: 2:replica:2:leader:propose:(6, 2)
DEBUG:root:Communicator.receive: 2:replica:2:leader:propose:(6, 2)
DEBUG:root:Leader.receive: ((2, 'replica'),propose:(6, 2))
DEBUG:root:Leader: Inside propose
DEBUG:root:Leader spawning COM: (0, 6, 2)
DEBUG:root:Commander()
DEBUG:root:Commander.run()
DEBUG:root:Communicator.send: p2a:(0, 6, 2)
DEBUG:root:ListenThread.run: received: 0:acceptor:2:3:p2b:0
DEBUG:root:ListenThread.run: received: 0:5:2:acceptor:p2a:(0, 6, 2)
DEBUG:root:ListenThread.run: received: 1:5:2:acceptor:p2a:(0, 6, 2)
DEBUG:root:ListenThread.run: received: 0:3:2:replica:decision:(4, 2)
DEBUG:root:Communicator.receive: 1:4:2:acceptor:p2a:(0, 5, 2)
DEBUG:root:ACCEPTOR: receive: p2a:(0, 5, 2), SENDER: (1, '4')
DEBUG:root:Acceptor.run(): (b, s, p) = (0,5,2)
DEBUG:root:Communicator.send: p2b:0
DEBUG:root:ListenThread.run: received: 3:2:2:replica:decision:(3, 2)
DEBUG:root:Communicator.send: p2a:(0, 6, 2)
DEBUG:root:Communicator.receive: 0:4:2:acceptor:p2a:(0, 5, 2)
DEBUG:root:ACCEPTOR: receive: p2a:(0, 5, 2), SENDER: (0, '4')
DEBUG:root:Acceptor.run(): (b, s, p) = (0,5,2)
DEBUG:root:Communicator.send: p2b:0
DEBUG:root:ListenThread.run: received: 1:3:2:replica:decision:(4, 2)
DEBUG:root:Communicator.send: p2a:(0, 6, 2)
DEBUG:root:Communicator.receive: 2:4:2:acceptor:p2a:(0, 5, 2)
DEBUG:root:ACCEPTOR: receive: p2a:(0, 5, 2), SENDER: (2, '4')
DEBUG:root:Acceptor.run(): (b, s, p) = (0,5,2)
DEBUG:root:Communicator.send: p2a:(0, 6, 2)
DEBUG:root:Communicator.send: p2b:0
DEBUG:root:ListenThread.run: received: 2:5:2:acceptor:p2a:(0, 6, 2)
DEBUG:root:Communicator.receive: 1:acceptor:2:3:p2b:0
DEBUG:root:Commander.receive: p2b:0, sender: (1, 'acceptor')
DEBUG:root:COMMANDER p2b: [(0, 'acceptor'), (2, 'acceptor'), (3, 'acceptor')]
DEBUG:root:Communicator.receive: 0:acceptor:2:3:p2b:0
DEBUG:root:Commander.receive: p2b:0, sender: (0, 'acceptor')
DEBUG:root:COMMANDER p2b: [(2, 'acceptor'), (3, 'acceptor')]
DEBUG:root:Replica.propose: p=2
DEBUG:root:Communicator.send: propose:(7, 2)
DEBUG:root:ListenThread.run: received: 2:acceptor:2:4:p2b:0
DEBUG:root:Communicator.receive: 2:3:2:acceptor:p2a:(0, 4, 2)
DEBUG:root:ACCEPTOR: receive: p2a:(0, 4, 2), SENDER: (2, '3')
DEBUG:root:Communicator.receive: 2:acceptor:2:4:p2b:0
DEBUG:root:Commander.receive: p2b:0, sender: (2, 'acceptor')
DEBUG:root:Acceptor.run(): (b, s, p) = (0,4,2)
DEBUG:root:Communicator.send: p2b:0
DEBUG:root:COMMANDER p2b: [(3, 'acceptor')]
DEBUG:root:----------------DECISION----------------
DEBUG:root:Communicator.send: decision:(5, 2)
DEBUG:root:Communicator.send: propose:(7, 2)
DEBUG:root:Communicator.receive: 3:4:2:acceptor:p2a:(0, 5, 2)
DEBUG:root:ACCEPTOR: receive: p2a:(0, 5, 2), SENDER: (3, '4')
DEBUG:root:Acceptor.run(): (b, s, p) = (0,5,2)
DEBUG:root:Communicator.send: p2b:0
DEBUG:root:ListenThread.run: received: 3:3:2:replica:decision:(4, 2)
DEBUG:root:ListenThread.run: received: 2:acceptor:2:3:p2b:0
DEBUG:root:Communicator.receive: 2:acceptor:2:3:p2b:0
DEBUG:root:Commander.receive: p2b:0, sender: (2, 'acceptor')
DEBUG:root:COMMANDER p2b: [(3, 'acceptor')]
DEBUG:root:----------------DECISION----------------
DEBUG:root:Communicator.send: decision:(4, 2)
DEBUG:root:Communicator.send: decision:(5, 2)
DEBUG:root:ListenThread.run: received: 1:4:2:replica:decision:(5, 2)
DEBUG:root:ListenThread.run: received: 0:4:2:replica:decision:(5, 2)
DEBUG:root:Communicator.send: propose:(7, 2)
DEBUG:root:ListenThread.run: received: 1:acceptor:2:5:p2b:0
DEBUG:root:Communicator.receive: 1:acceptor:2:5:p2b:0
DEBUG:root:Commander.receive: p2b:0, sender: (1, 'acceptor')
DEBUG:root:COMMANDER p2b: [(0, 'acceptor'), (2, 'acceptor'), (3, 'acceptor')]
DEBUG:root:ListenThread.run: received: 0:acceptor:2:5:p2b:0
DEBUG:root:Communicator.receive: 0:acceptor:2:5:p2b:0
DEBUG:root:Commander.receive: p2b:0, sender: (0, 'acceptor')
DEBUG:root:COMMANDER p2b: [(2, 'acceptor'), (3, 'acceptor')]
DEBUG:root:Communicator.send: decision:(4, 2)
DEBUG:root:Communicator.send: decision:(5, 2)
DEBUG:root:ListenThread.run: received: 3:5:2:acceptor:p2a:(0, 6, 2)
DEBUG:root:ListenThread.run: received: 0:6:2:acceptor:p2a:(0, 7, 2)
DEBUG:root:Communicator.send: decision:(4, 2)
DEBUG:root:Communicator.receive: 0:5:2:acceptor:p2a:(0, 6, 2)
DEBUG:root:ACCEPTOR: receive: p2a:(0, 6, 2), SENDER: (0, '5')
DEBUG:root:Acceptor.run(): (b, s, p) = (0,6,2)
DEBUG:root:Communicator.send: p2b:0
DEBUG:root:Communicator.send: propose:(7, 2)
DEBUG:root:ListenThread.run: received: 2:replica:2:leader:propose:(7, 2)
DEBUG:root:Communicator.receive: 2:replica:2:leader:propose:(7, 2)
DEBUG:root:Leader.receive: ((2, 'replica'),propose:(7, 2))
DEBUG:root:Leader: Inside propose
DEBUG:root:Leader spawning COM: (0, 7, 2)
DEBUG:root:Commander()
DEBUG:root:Commander.run()
DEBUG:root:Communicator.send: decision:(5, 2)
DEBUG:root:Communicator.send: p2a:(0, 7, 2)
DEBUG:root:ListenThread.run: received: 2:4:2:replica:decision:(5, 2)
DEBUG:root:Communicator.send: decision:(4, 2)
DEBUG:root:ListenThread.run: received: 2:3:2:replica:decision:(4, 2)
DEBUG:root:Communicator.receive: 1:5:2:acceptor:p2a:(0, 6, 2)
DEBUG:root:ACCEPTOR: receive: p2a:(0, 6, 2), SENDER: (1, '5')
DEBUG:root:Acceptor.run(): (b, s, p) = (0,6,2)
DEBUG:root:Communicator.send: p2b:0
DEBUG:root:Communicator.send: p2a:(0, 7, 2)
DEBUG:root:ListenThread.run: received: 1:6:2:acceptor:p2a:(0, 7, 2)
DEBUG:root:ListenThread.run: received: 3:acceptor:2:4:p2b:0
DEBUG:root:Communicator.receive: 2:5:2:acceptor:p2a:(0, 6, 2)
DEBUG:root:ListenThread.run: received: 0:acceptor:2:6:p2b:0
DEBUG:root:ACCEPTOR: receive: p2a:(0, 6, 2), SENDER: (2, '5')
DEBUG:root:Acceptor.run(): (b, s, p) = (0,6,2)
DEBUG:root:Communicator.send: p2b:0
DEBUG:root:Communicator.send: p2a:(0, 7, 2)
DEBUG:root:Communicator.receive: 1:2:2:replica:decision:(3, 3)
DEBUG:root:Replica.receive: ((1, '2'),decision:(3, 3))
DEBUG:root:Replica.propose: p=2
DEBUG:root:Communicator.send: propose:(8, 2)
DEBUG:root:Communicator.receive: 3:5:2:acceptor:p2a:(0, 6, 2)
DEBUG:root:ListenThread.run: received: 2:acceptor:2:5:p2b:0
DEBUG:root:Communicator.receive: 2:acceptor:2:5:p2b:0
DEBUG:root:ACCEPTOR: receive: p2a:(0, 6, 2), SENDER: (3, '5')
DEBUG:root:Acceptor.run(): (b, s, p) = (0,6,2)
DEBUG:root:Communicator.send: p2b:0
DEBUG:root:ListenThread.run: received: 0:5:2:replica:decision:(6, 2)
DEBUG:root:Commander.receive: p2b:0, sender: (2, 'acceptor')
DEBUG:root:Communicator.receive: 0:6:2:acceptor:p2a:(0, 7, 2)
DEBUG:root:ListenThread.run: received: 3:acceptor:2:3:p2b:0
DEBUG:root:COMMANDER p2b: [(3, 'acceptor')]
DEBUG:root:ACCEPTOR: receive: p2a:(0, 7, 2), SENDER: (0, '6')
DEBUG:root:ListenThread.run: received: 1:acceptor:2:6:p2b:0
DEBUG:root:----------------DECISION----------------
DEBUG:root:Acceptor.run(): (b, s, p) = (0,7,2)
DEBUG:root:ListenThread.run: received: 3:acceptor:2:5:p2b:0
DEBUG:root:Communicator.send: decision:(6, 2)
DEBUG:root:Communicator.send: p2b:0
DEBUG:root:ListenThread.run: received: 1:5:2:replica:decision:(6, 2)
DEBUG:root:Communicator.send: p2a:(0, 7, 2)
DEBUG:root:Communicator.send: decision:(6, 2)
DEBUG:root:Communicator.send: propose:(8, 2)
DEBUG:root:ListenThread.run: received: 2:6:2:acceptor:p2a:(0, 7, 2)
DEBUG:root:Communicator.receive: 1:6:2:acceptor:p2a:(0, 7, 2)
DEBUG:root:ACCEPTOR: receive: p2a:(0, 7, 2), SENDER: (1, '6')
DEBUG:root:Acceptor.run(): (b, s, p) = (0,7,2)
DEBUG:root:Communicator.send: p2b:0
DEBUG:root:Communicator.send: decision:(6, 2)
DEBUG:root:Communicator.send: propose:(8, 2)
DEBUG:root:Communicator.send: decision:(6, 2)
DEBUG:root:Communicator.send: propose:(8, 2)
DEBUG:root:ListenThread.run: received: 2:5:2:replica:decision:(6, 2)
DEBUG:root:Replica.propose: p=2
DEBUG:root:ListenThread.run: received: 2:replica:2:leader:propose:(8, 2)
DEBUG:root:Communicator.send: propose:(9, 2)
DEBUG:root:Communicator.receive: 2:replica:2:leader:propose:(8, 2)
DEBUG:root:Leader.receive: ((2, 'replica'),propose:(8, 2))
DEBUG:root:Leader: Inside propose
DEBUG:root:Leader spawning COM: (0, 8, 2)
DEBUG:root:Commander()
DEBUG:root:Communicator.send: propose:(9, 2)
DEBUG:root:ListenThread.run: received: 3:6:2:acceptor:p2a:(0, 7, 2)
DEBUG:root:Commander.run()
DEBUG:root:Communicator.send: p2a:(0, 8, 2)
DEBUG:root:ListenThread.run: received: 3:4:2:replica:decision:(5, 2)
DEBUG:root:Communicator.receive: 2:6:2:acceptor:p2a:(0, 7, 2)
DEBUG:root:Communicator.receive: 0:acceptor:2:6:p2b:0
DEBUG:root:Commander.receive: p2b:0, sender: (0, 'acceptor')
DEBUG:root:COMMANDER p2b: [(1, 'acceptor'), (2, 'acceptor'), (3, 'acceptor')]
DEBUG:root:Communicator.receive: 1:acceptor:2:6:p2b:0
DEBUG:root:Commander.receive: p2b:0, sender: (1, 'acceptor')
DEBUG:root:COMMANDER p2b: [(2, 'acceptor'), (3, 'acceptor')]
DEBUG:root:ACCEPTOR: receive: p2a:(0, 7, 2), SENDER: (2, '6')
DEBUG:root:Acceptor.run(): (b, s, p) = (0,7,2)
DEBUG:root:Communicator.send: p2b:0
DEBUG:root:Communicator.send: propose:(9, 2)
DEBUG:root:Communicator.send: p2a:(0, 8, 2)
DEBUG:root:Communicator.receive: 3:6:2:acceptor:p2a:(0, 7, 2)
DEBUG:root:ACCEPTOR: receive: p2a:(0, 7, 2), SENDER: (3, '6')
DEBUG:root:Communicator.send: p2a:(0, 8, 2)
DEBUG:root:Acceptor.run(): (b, s, p) = (0,7,2)
DEBUG:root:ListenThread.run: received: 2:acceptor:2:6:p2b:0
DEBUG:root:Communicator.send: p2b:0
DEBUG:root:ListenThread.run: received: 3:5:2:replica:decision:(6, 2)
DEBUG:root:Communicator.send: p2a:(0, 8, 2)
DEBUG:root:Communicator.receive: 2:acceptor:2:6:p2b:0
DEBUG:root:ListenThread.run: received: 2:7:2:acceptor:p2a:(0, 8, 2)
DEBUG:root:Commander.receive: p2b:0, sender: (2, 'acceptor')
DEBUG:root:COMMANDER p2b: [(3, 'acceptor')]
DEBUG:root:----------------DECISION----------------
DEBUG:root:Communicator.send: decision:(7, 2)
DEBUG:root:ListenThread.run: received: 0:7:2:acceptor:p2a:(0, 8, 2)
DEBUG:root:Communicator.send: propose:(9, 2)
DEBUG:root:ListenThread.run: received: 2:replica:2:leader:propose:(9, 2)
DEBUG:root:Communicator.receive: 2:replica:2:leader:propose:(9, 2)
DEBUG:root:Leader.receive: ((2, 'replica'),propose:(9, 2))
DEBUG:root:Leader: Inside propose
DEBUG:root:Leader spawning COM: (0, 9, 2)
DEBUG:root:Commander()
DEBUG:root:Commander.run()
DEBUG:root:Communicator.send: p2a:(0, 9, 2)
DEBUG:root:ListenThread.run: received: 1:7:2:acceptor:p2a:(0, 8, 2)
DEBUG:root:ListenThread.run: received: 1:6:2:replica:decision:(7, 2)
DEBUG:root:Communicator.receive: 2:7:2:acceptor:p2a:(0, 8, 2)
DEBUG:root:ACCEPTOR: receive: p2a:(0, 8, 2), SENDER: (2, '7')
DEBUG:root:Acceptor.run(): (b, s, p) = (0,8,2)
DEBUG:root:Communicator.send: p2b:0
DEBUG:root:Communicator.send: decision:(7, 2)
DEBUG:root:ListenThread.run: received: 1:acceptor:2:7:p2b:0
DEBUG:root:Communicator.receive: 1:acceptor:2:7:p2b:0
DEBUG:root:Commander.receive: p2b:0, sender: (1, 'acceptor')
DEBUG:root:ListenThread.run: received: 0:6:2:replica:decision:(7, 2)
DEBUG:root:COMMANDER p2b: [(0, 'acceptor'), (2, 'acceptor'), (3, 'acceptor')]
DEBUG:root:Communicator.send: p2a:(0, 9, 2)
DEBUG:root:Communicator.receive: 0:7:2:acceptor:p2a:(0, 8, 2)
DEBUG:root:ACCEPTOR: receive: p2a:(0, 8, 2), SENDER: (0, '7')
DEBUG:root:Acceptor.run(): (b, s, p) = (0,8,2)
DEBUG:root:Communicator.send: p2b:0
DEBUG:root:Communicator.send: decision:(7, 2)
DEBUG:root:ListenThread.run: received: 2:acceptor:2:7:p2b:0
DEBUG:root:Communicator.receive: 2:acceptor:2:7:p2b:0
DEBUG:root:Commander.receive: p2b:0, sender: (2, 'acceptor')
DEBUG:root:COMMANDER p2b: [(0, 'acceptor'), (3, 'acceptor')]
DEBUG:root:ListenThread.run: received: 0:acceptor:2:7:p2b:0
DEBUG:root:ListenThread.run: received: 0:8:2:acceptor:p2a:(0, 9, 2)
DEBUG:root:Communicator.send: p2a:(0, 9, 2)
DEBUG:root:Communicator.receive: 1:7:2:acceptor:p2a:(0, 8, 2)
DEBUG:root:Communicator.receive: 0:acceptor:2:7:p2b:0
DEBUG:root:ACCEPTOR: receive: p2a:(0, 8, 2), SENDER: (1, '7')
DEBUG:root:Acceptor.run(): (b, s, p) = (0,8,2)
DEBUG:root:Communicator.send: p2b:0
DEBUG:root:Commander.receive: p2b:0, sender: (0, 'acceptor')
DEBUG:root:COMMANDER p2b: [(3, 'acceptor')]
DEBUG:root:----------------DECISION----------------
DEBUG:root:Communicator.send: decision:(8, 2)
DEBUG:root:ListenThread.run: received: 3:7:2:acceptor:p2a:(0, 8, 2)
DEBUG:root:Communicator.send: decision:(7, 2)
DEBUG:root:Communicator.receive: 2:2:2:replica:decision:(3, 2)
DEBUG:root:ListenThread.run: received: 1:8:2:acceptor:p2a:(0, 9, 2)
DEBUG:root:Replica.receive: ((2, '2'),decision:(3, 2))
DEBUG:root:ListenThread.run: received: 2:6:2:replica:decision:(7, 2)
DEBUG:root:Replica.propose: p=2
DEBUG:root:Replica.propose: p=2
DEBUG:root:Communicator.receive: 0:2:2:replica:decision:(3, 3)
DEBUG:root:Replica.receive: ((0, '2'),decision:(3, 3))
DEBUG:root:Replica.propose: p=2
DEBUG:root:Replica.propose: p=2
DEBUG:root:Communicator.receive: 3:1:2:replica:decision:(2, 3)
DEBUG:root:Replica.receive: ((3, '1'),decision:(2, 3))
DEBUG:root:Replica.propose: p=2
DEBUG:root:Replica.propose: p=2
DEBUG:root:Communicator.receive: 0:3:2:replica:decision:(4, 2)
DEBUG:root:Replica.receive: ((0, '3'),decision:(4, 2))
DEBUG:root:Replica.propose: p=2
DEBUG:root:Replica.propose: p=2
DEBUG:root:Communicator.receive: 3:2:2:replica:decision:(3, 2)
DEBUG:root:Replica.receive: ((3, '2'),decision:(3, 2))
DEBUG:root:Replica.propose: p=2
DEBUG:root:Replica.propose: p=2
DEBUG:root:Communicator.receive: 1:3:2:replica:decision:(4, 2)
DEBUG:root:Replica.receive: ((1, '3'),decision:(4, 2))
DEBUG:root:Replica.propose: p=2
DEBUG:root:Replica.propose: p=2
DEBUG:root:Communicator.receive: 3:3:2:replica:decision:(4, 2)
DEBUG:root:Replica.receive: ((3, '3'),decision:(4, 2))
DEBUG:root:Replica.propose: p=2
DEBUG:root:Replica.propose: p=2
DEBUG:root:Communicator.receive: 1:4:2:replica:decision:(5, 2)
DEBUG:root:Replica.receive: ((1, '4'),decision:(5, 2))
DEBUG:root:Replica.propose: p=2
DEBUG:root:Replica.propose: p=2
DEBUG:root:Communicator.receive: 0:4:2:replica:decision:(5, 2)
DEBUG:root:Replica.receive: ((0, '4'),decision:(5, 2))
DEBUG:root:Replica.propose: p=2
DEBUG:root:Replica.propose: p=2
DEBUG:root:Communicator.receive: 2:4:2:replica:decision:(5, 2)
DEBUG:root:Replica.receive: ((2, '4'),decision:(5, 2))
DEBUG:root:Replica.propose: p=2
DEBUG:root:Replica.propose: p=2
DEBUG:root:Communicator.receive: 2:3:2:replica:decision:(4, 2)
DEBUG:root:Replica.receive: ((2, '3'),decision:(4, 2))
DEBUG:root:Replica.propose: p=2
DEBUG:root:Replica.propose: p=2
DEBUG:root:Communicator.receive: 0:5:2:replica:decision:(6, 2)
DEBUG:root:Replica.receive: ((0, '5'),decision:(6, 2))
DEBUG:root:Replica.propose: p=2
DEBUG:root:Replica.propose: p=2
DEBUG:root:Communicator.receive: 1:5:2:replica:decision:(6, 2)
DEBUG:root:Replica.receive: ((1, '5'),decision:(6, 2))
DEBUG:root:Replica.propose: p=2
DEBUG:root:Replica.propose: p=2
DEBUG:root:Communicator.receive: 2:5:2:replica:decision:(6, 2)
DEBUG:root:Replica.receive: ((2, '5'),decision:(6, 2))
DEBUG:root:Replica.propose: p=2
DEBUG:root:Replica.propose: p=2
DEBUG:root:Communicator.receive: 3:4:2:replica:decision:(5, 2)
DEBUG:root:Replica.receive: ((3, '4'),decision:(5, 2))
DEBUG:root:Replica.propose: p=2
DEBUG:root:Replica.propose: p=2
DEBUG:root:Communicator.receive: 3:5:2:replica:decision:(6, 2)
DEBUG:root:Replica.receive: ((3, '5'),decision:(6, 2))
DEBUG:root:Replica.propose: p=2
DEBUG:root:Replica.propose: p=2
DEBUG:root:Communicator.receive: 1:6:2:replica:decision:(7, 2)
DEBUG:root:Replica.receive: ((1, '6'),decision:(7, 2))
DEBUG:root:Replica.propose: p=2
DEBUG:root:Replica.propose: p=2
DEBUG:root:Communicator.receive: 0:6:2:replica:decision:(7, 2)
DEBUG:root:Replica.receive: ((0, '6'),decision:(7, 2))
DEBUG:root:Replica.propose: p=2
DEBUG:root:Replica.propose: p=2
DEBUG:root:Communicator.receive: 2:6:2:replica:decision:(7, 2)
DEBUG:root:Replica.receive: ((2, '6'),decision:(7, 2))
DEBUG:root:Replica.propose: p=2
DEBUG:root:Replica.propose: p=2
DEBUG:root:ListenThread.run: received: 3:acceptor:2:7:p2b:0
DEBUG:root:Communicator.send: p2a:(0, 9, 2)
DEBUG:root:Communicator.receive: 0:8:2:acceptor:p2a:(0, 9, 2)
DEBUG:root:ListenThread.run: received: 2:8:2:acceptor:p2a:(0, 9, 2)
DEBUG:root:ACCEPTOR: receive: p2a:(0, 9, 2), SENDER: (0, '8')
DEBUG:root:Acceptor.run(): (b, s, p) = (0,9,2)
DEBUG:root:Communicator.send: p2b:0
DEBUG:root:Communicator.send: decision:(8, 2)
DEBUG:root:ListenThread.run: received: 1:acceptor:2:8:p2b:0
DEBUG:root:Communicator.receive: 1:acceptor:2:8:p2b:0
DEBUG:root:Commander.receive: p2b:0, sender: (1, 'acceptor')
DEBUG:root:COMMANDER p2b: [(0, 'acceptor'), (2, 'acceptor'), (3, 'acceptor')]
DEBUG:root:Communicator.receive: 3:7:2:acceptor:p2a:(0, 8, 2)
DEBUG:root:ACCEPTOR: receive: p2a:(0, 8, 2), SENDER: (3, '7')
DEBUG:root:Acceptor.run(): (b, s, p) = (0,8,2)
DEBUG:root:ListenThread.run: received: 3:6:2:replica:decision:(7, 2)
DEBUG:root:ListenThread.run: received: 0:7:2:replica:decision:(8, 2)
DEBUG:root:Communicator.send: p2b:0
DEBUG:root:Communicator.receive: 3:6:2:replica:decision:(7, 2)
DEBUG:root:Communicator.send: decision:(8, 2)
DEBUG:root:ListenThread.run: received: 1:7:2:replica:decision:(8, 2)
DEBUG:root:Replica.receive: ((3, '6'),decision:(7, 2))
DEBUG:root:Replica.propose: p=2
DEBUG:root:Replica.propose: p=2
DEBUG:root:Communicator.receive: 0:7:2:replica:decision:(8, 2)
DEBUG:root:Replica.receive: ((0, '7'),decision:(8, 2))
DEBUG:root:Communicator.send: decision:(8, 2)
DEBUG:root:Replica.propose: p=2
DEBUG:root:ListenThread.run: received: 2:7:2:replica:decision:(8, 2)
DEBUG:root:ListenThread.run: received: 3:8:2:acceptor:p2a:(0, 9, 2)
DEBUG:root:Replica.propose: p=2
DEBUG:root:Communicator.receive: 1:7:2:replica:decision:(8, 2)
DEBUG:root:Replica.receive: ((1, '7'),decision:(8, 2))
DEBUG:root:ListenThread.run: received: 0:8:2:replica:decision:(9, 2)
DEBUG:root:ListenThread.run: received: 0:acceptor:2:8:p2b:0
DEBUG:root:Replica.propose: p=2
DEBUG:root:Communicator.receive: 0:acceptor:2:8:p2b:0
DEBUG:root:Replica.propose: p=2
DEBUG:root:Commander.receive: p2b:0, sender: (0, 'acceptor')
DEBUG:root:Communicator.receive: 2:7:2:replica:decision:(8, 2)
DEBUG:root:COMMANDER p2b: [(2, 'acceptor'), (3, 'acceptor')]
DEBUG:root:Replica.receive: ((2, '7'),decision:(8, 2))
DEBUG:root:Communicator.receive: 1:8:2:acceptor:p2a:(0, 9, 2)
DEBUG:root:Replica.propose: p=2
DEBUG:root:ACCEPTOR: receive: p2a:(0, 9, 2), SENDER: (1, '8')
DEBUG:root:Replica.propose: p=2
DEBUG:root:Acceptor.run(): (b, s, p) = (0,9,2)
DEBUG:root:Communicator.send: p2b:0
DEBUG:root:Communicator.receive: 0:8:2:replica:decision:(9, 2)
DEBUG:root:Replica.receive: ((0, '8'),decision:(9, 2))
DEBUG:root:Replica.propose: p=2
DEBUG:root:Replica.propose: p=2
DEBUG:root:Communicator.receive: 2:8:2:acceptor:p2a:(0, 9, 2)
DEBUG:root:ACCEPTOR: receive: p2a:(0, 9, 2), SENDER: (2, '8')
DEBUG:root:Acceptor.run(): (b, s, p) = (0,9,2)
DEBUG:root:Communicator.send: p2b:0
DEBUG:root:Communicator.receive: 3:8:2:acceptor:p2a:(0, 9, 2)
DEBUG:root:ListenThread.run: received: 2:acceptor:2:8:p2b:0
DEBUG:root:ACCEPTOR: receive: p2a:(0, 9, 2), SENDER: (3, '8')
DEBUG:root:Communicator.receive: 2:acceptor:2:8:p2b:0
DEBUG:root:Commander.receive: p2b:0, sender: (2, 'acceptor')
DEBUG:root:Acceptor.run(): (b, s, p) = (0,9,2)
DEBUG:root:COMMANDER p2b: [(3, 'acceptor')]
DEBUG:root:----------------DECISION----------------
DEBUG:root:Communicator.send: decision:(9, 2)
DEBUG:root:Communicator.send: p2b:0
DEBUG:root:Communicator.send: decision:(9, 2)
DEBUG:root:ListenThread.run: received: 3:7:2:replica:decision:(8, 2)
DEBUG:root:Communicator.send: decision:(9, 2)
DEBUG:root:Communicator.receive: 3:7:2:replica:decision:(8, 2)
DEBUG:root:Replica.receive: ((3, '7'),decision:(8, 2))
DEBUG:root:Replica.propose: p=2
DEBUG:root:ListenThread.run: received: 3:acceptor:2:8:p2b:0
DEBUG:root:Replica.propose: p=2
DEBUG:root:ListenThread.run: received: 1:8:2:replica:decision:(9, 2)
DEBUG:root:Communicator.receive: 1:8:2:replica:decision:(9, 2)
DEBUG:root:Replica.receive: ((1, '8'),decision:(9, 2))
DEBUG:root:ListenThread.run: received: 3:8:2:replica:decision:(9, 2)
DEBUG:root:Replica.propose: p=2
DEBUG:root:Replica.propose: p=2
DEBUG:root:Communicator.send: decision:(9, 2)
DEBUG:root:Communicator.receive: 3:8:2:replica:decision:(9, 2)
DEBUG:root:Replica.receive: ((3, '8'),decision:(9, 2))
DEBUG:root:Replica.propose: p=2
DEBUG:root:Replica.propose: p=2
DEBUG:root:ListenThread.run: received: 2:8:2:replica:decision:(9, 2)
DEBUG:root:Communicator.receive: 2:8:2:replica:decision:(9, 2)
DEBUG:root:Replica.receive: ((2, '8'),decision:(9, 2))
DEBUG:root:Replica.propose: p=2
DEBUG:root:Replica.propose: p=2
